<?xml version="1.0" encoding="UTF-8" ?>
<testsuite tests="9" failures="1" name="co.edu.unicauca.openmarket.domain.service.CategoryServiceTest" time="0.015" errors="0" skipped="0">
  <properties>
[...]
</properties>
  <testcase classname="co.edu.unicauca.openmarket.domain.service.CategoryServiceTest" name="co.edu.unicauca.openmarket.domain.service.CategoryServiceTest.testFindCategoryByIdNotFound" time="0.001"/>
  <testcase classname="co.edu.unicauca.openmarket.domain.service.CategoryServiceTest" name="co.edu.unicauca.openmarket.domain.service.CategoryServiceTest.testEditCategoryNotFound" time="0"/>
  <testcase classname="co.edu.unicauca.openmarket.domain.service.CategoryServiceTest" name="co.edu.unicauca.openmarket.domain.service.CategoryServiceTest.testFindAllCategories" time="0"/>
  <testcase classname="co.edu.unicauca.openmarket.domain.service.CategoryServiceTest" name="co.edu.unicauca.openmarket.domain.service.CategoryServiceTest.testSaveCategoryInvalidName" time="0"/>
  <testcase classname="co.edu.unicauca.openmarket.domain.service.CategoryServiceTest" name="co.edu.unicauca.openmarket.domain.service.CategoryServiceTest.testDeleteCategoryNotFound" time="0"/>
  <testcase classname="co.edu.unicauca.openmarket.domain.service.CategoryServiceTest" name="co.edu.unicauca.openmarket.domain.service.CategoryServiceTest.testFindCategoryById" time="0"/>
  <testcase classname="co.edu.unicauca.openmarket.domain.service.CategoryServiceTest" name="co.edu.unicauca.openmarket.domain.service.CategoryServiceTest.testDeleteCategory" time="0"/>
  <testcase classname="co.edu.unicauca.openmarket.domain.service.CategoryServiceTest" name="co.edu.unicauca.openmarket.domain.service.CategoryServiceTest.testEditCategory" time="0.014">
    <failure message="expected: &lt;true&gt; but was: &lt;false&gt;" type="org.opentest4j.AssertionFailedError">org.opentest4j.AssertionFailedError: expected: &lt;true&gt; but was: &lt;false&gt;
	at org.junit.jupiter.api.AssertionUtils.fail(AssertionUtils.java:55)
	at org.junit.jupiter.api.AssertTrue.assertTrue(AssertTrue.java:40)
	at org.junit.jupiter.api.AssertTrue.assertTrue(AssertTrue.java:35)
	at org.junit.jupiter.api.Assertions.assertTrue(Assertions.java:162)
	at co.edu.unicauca.openmarket.domain.service.CategoryServiceTest.testEditCategory(CategoryServiceTest.java:87)
</failure>
  </testcase>
  <testcase classname="co.edu.unicauca.openmarket.domain.service.CategoryServiceTest" name="co.edu.unicauca.openmarket.domain.service.CategoryServiceTest.testSaveCategory" time="0"/>
</testsuite>